This file contains any messages produced by compilers while
running configure, to aid debugging if configure makes a mistake.

It was created by guinea-pig configure 1.2.2, which was
generated by GNU Autoconf 2.71.  Invocation command line was

  $ ./configure --prefix=/home/baonguye/guinea-pig/install

## --------- ##
## Platform. ##
## --------- ##

hostname = eofe7.mit.edu
uname -m = x86_64
uname -r = 3.10.0-514.26.2.el7.x86_64
uname -s = Linux
uname -v = #1 SMP Tue Jul 4 15:04:05 UTC 2017

/usr/bin/uname -p = x86_64
/bin/uname -X     = unknown

/bin/arch              = x86_64
/usr/bin/arch -k       = unknown
/usr/convex/getsysinfo = unknown
/usr/bin/hostinfo      = unknown
/bin/machine           = unknown
/usr/bin/oslevel       = unknown
/bin/universe          = unknown

PATH: /usr/lib64/qt-3.3/bin/
PATH: /bin/
PATH: /usr/local/bin/
PATH: /usr/bin/
PATH: /usr/local/sbin/
PATH: /usr/sbin/
PATH: /opt/dell/srvadmin/bin/
PATH: /home/baonguye/.local/bin/
PATH: /home/baonguye/bin/


## ----------- ##
## Core tests. ##
## ----------- ##

configure:2841: looking for aux files: install-sh config.guess config.sub
configure:2854:  trying ./
configure:2865:   ./install-sh found
configure:2883:   ./config.guess found
configure:2883:   ./config.sub found
configure:3008: checking build system type
configure:3023: result: x86_64-unknown-linux-gnu
configure:3043: checking host system type
configure:3057: result: x86_64-unknown-linux-gnu
configure:3077: checking target system type
configure:3091: result: x86_64-unknown-linux-gnu
configure:3133: checking for a BSD-compatible install
configure:3206: result: /bin/install -c
configure:3217: checking whether build environment is sane
configure:3254: result: yes
configure:3266: checking whether make sets $(MAKE)
configure:3289: result: yes
configure:3315: checking for working aclocal-1.4
configure:3326: result: missing
configure:3330: checking for working autoconf
configure:3337: result: found
configure:3345: checking for working automake-1.4
configure:3356: result: missing
configure:3360: checking for working autoheader
configure:3367: result: found
configure:3375: checking for working makeinfo
configure:3382: result: found
configure:3517: checking for g++
configure:3538: found /bin/g++
configure:3549: result: g++
configure:3576: checking for C++ compiler version
configure:3585: g++ --version >&5
g++ (GCC) 4.8.5 20150623 (Red Hat 4.8.5-39)
Copyright (C) 2015 Free Software Foundation, Inc.
This is free software; see the source for copying conditions.  There is NO
warranty; not even for MERCHANTABILITY or FITNESS FOR A PARTICULAR PURPOSE.

configure:3596: $? = 0
configure:3585: g++ -v >&5
Using built-in specs.
COLLECT_GCC=g++
COLLECT_LTO_WRAPPER=/usr/libexec/gcc/x86_64-redhat-linux/4.8.5/lto-wrapper
Target: x86_64-redhat-linux
Configured with: ../configure --prefix=/usr --mandir=/usr/share/man --infodir=/usr/share/info --with-bugurl=http://bugzilla.redhat.com/bugzilla --enable-bootstrap --enable-shared --enable-threads=posix --enable-checking=release --with-system-zlib --enable-__cxa_atexit --disable-libunwind-exceptions --enable-gnu-unique-object --enable-linker-build-id --with-linker-hash-style=gnu --enable-languages=c,c++,objc,obj-c++,java,fortran,ada,go,lto --enable-plugin --enable-initfini-array --disable-libgcj --with-isl=/builddir/build/BUILD/gcc-4.8.5-20150702/obj-x86_64-redhat-linux/isl-install --with-cloog=/builddir/build/BUILD/gcc-4.8.5-20150702/obj-x86_64-redhat-linux/cloog-install --enable-gnu-indirect-function --with-tune=generic --with-arch_32=x86-64 --build=x86_64-redhat-linux
Thread model: posix
gcc version 4.8.5 20150623 (Red Hat 4.8.5-39) (GCC) 
configure:3596: $? = 0
configure:3585: g++ -V >&5
g++: error: unrecognized command line option '-V'
g++: fatal error: no input files
compilation terminated.
configure:3596: $? = 4
configure:3585: g++ -qversion >&5
g++: error: unrecognized command line option '-qversion'
g++: fatal error: no input files
compilation terminated.
configure:3596: $? = 4
configure:3616: checking whether the C++ compiler works
configure:3638: g++    conftest.cpp  >&5
configure:3642: $? = 0
configure:3692: result: yes
configure:3695: checking for C++ compiler default output file name
configure:3697: result: a.out
configure:3703: checking for suffix of executables
configure:3710: g++ -o conftest    conftest.cpp  >&5
configure:3714: $? = 0
configure:3737: result: 
configure:3759: checking whether we are cross compiling
configure:3767: g++ -o conftest    conftest.cpp  >&5
configure:3771: $? = 0
configure:3778: ./conftest
configure:3782: $? = 0
configure:3797: result: no
configure:3802: checking for suffix of object files
configure:3825: g++ -c   conftest.cpp >&5
configure:3829: $? = 0
configure:3851: result: o
configure:3855: checking whether the compiler supports GNU C++
configure:3875: g++ -c   conftest.cpp >&5
configure:3875: $? = 0
configure:3885: result: yes
configure:3896: checking whether g++ accepts -g
configure:3917: g++ -c -g  conftest.cpp >&5
configure:3917: $? = 0
configure:3961: result: yes
configure:3981: checking for g++ option to enable C++11 features
configure:3996: g++  -c -g -O2  conftest.cpp >&5
conftest.cpp:57:3: error: #error "Compiler does not advertise C++11 conformance"
 # error "Compiler does not advertise C++11 conformance"
   ^
conftest.cpp:62:3: error: 'constexpr' does not name a type
   constexpr int get_val() { return 20; }
   ^
conftest.cpp:62:3: note: C++11 'constexpr' only available with -std=c++11 or -std=gnu++11
conftest.cpp: In constructor 'cxx11test::delegate::delegate()':
conftest.cpp:74:30: warning: delegating constructors only available with -std=c++11 or -std=gnu++11 [enabled by default]
     delegate(): delegate(2354) {}
                              ^
conftest.cpp: At global scope:
conftest.cpp:85:24: warning: override controls (override/final) only available with -std=c++11 or -std=gnu++11 [enabled by default]
     virtual int getval() override final { return this->n * 2; }
                        ^
conftest.cpp:85:26: warning: override controls (override/final) only available with -std=c++11 or -std=gnu++11 [enabled by default]
     virtual int getval() override final { return this->n * 2; }
                          ^
conftest.cpp:92:16: warning: defaulted and deleted functions only available with -std=c++11 or -std=gnu++11 [enabled by default]
     nocopy() = default;
                ^
conftest.cpp:93:29: warning: defaulted and deleted functions only available with -std=c++11 or -std=gnu++11 [enabled by default]
     nocopy(const nocopy&) = delete;
                             ^
conftest.cpp:94:41: warning: defaulted and deleted functions only available with -std=c++11 or -std=gnu++11 [enabled by default]
     nocopy & operator=(const nocopy&) = delete;
                                         ^
conftest.cpp:106:46: error: ISO C++ forbids declaration of 'sum' with no type [-fpermissive]
   template <typename V> auto sum(V first) -> V
                                              ^
conftest.cpp:106:46: error: top-level declaration of 'sum' specifies 'auto'
conftest.cpp:106:46: error: trailing return type only available with -std=c++11 or -std=gnu++11
conftest.cpp:110:33: warning: variadic templates only available with -std=c++11 or -std=gnu++11 [enabled by default]
   template <typename V, typename... Args> auto sum(V first, Args... rest) -> V
                                 ^
conftest.cpp:110:69: warning: variadic templates only available with -std=c++11 or -std=gnu++11 [enabled by default]
   template <typename V, typename... Args> auto sum(V first, Args... rest) -> V
                                                                     ^
conftest.cpp:110:78: error: ISO C++ forbids declaration of 'sum' with no type [-fpermissive]
   template <typename V, typename... Args> auto sum(V first, Args... rest) -> V
                                                                              ^
conftest.cpp:110:78: error: top-level declaration of 'sum' specifies 'auto'
conftest.cpp:110:78: error: trailing return type only available with -std=c++11 or -std=gnu++11
conftest.cpp: In function 'int main(int, char**)':
conftest.cpp:134:8: error: 'a1' does not name a type
   auto a1 = 6538;
        ^
conftest.cpp:135:8: error: 'a2' does not name a type
   auto a2 = 48573953.4;
        ^
conftest.cpp:136:8: error: 'a3' does not name a type
   auto a3 = "String literal";
        ^
conftest.cpp:139:13: error: 'i' does not name a type
   for (auto i = a3; *i; ++i) { total += *i; }
             ^
conftest.cpp:139:21: error: expected ';' before '*' token
   for (auto i = a3; *i; ++i) { total += *i; }
                     ^
conftest.cpp:139:22: error: 'i' was not declared in this scope
   for (auto i = a3; *i; ++i) { total += *i; }
                      ^
conftest.cpp:141:12: error: 'a2' was not declared in this scope
   decltype(a2) a4 = 34895.034;
            ^
conftest.cpp:141:14: error: 'decltype' was not declared in this scope
   decltype(a2) a4 = 34895.034;
              ^
conftest.cpp:141:16: error: expected ';' before 'a4'
   decltype(a2) a4 = 34895.034;
                ^
conftest.cpp:145:12: error: 'get_val' is not a member of 'cxx11test'
   short sa[cxx11test::get_val()] = { 0 };
            ^
conftest.cpp:155:14: error: ISO C++ forbids declaration of 'x' with no type [-fpermissive]
   for (auto &x : array) { x += 23; }
              ^
conftest.cpp:155:18: error: range-based 'for' loops are not allowed in C++98 mode
   for (auto &x : array) { x += 23; }
                  ^
conftest.cpp:160:41: warning: lambda expressions only available with -std=c++11 or -std=gnu++11 [enabled by default]
   assert (eval ([](int x) { return x*2; }, 21) == 42);
                                         ^
conftest.cpp:160:46: error: no matching function for call to 'eval(main(int, char**)::__lambda0, int)'
   assert (eval ([](int x) { return x*2; }, 21) == 42);
                                              ^
conftest.cpp:160:46: note: candidate is:
conftest.cpp:100:44: note: template<class Ret, class Fn> Ret cxx11test::eval(Fn, Ret)
   template <typename Ret, typename Fn> Ret eval(Fn f, Ret v)
                                            ^
conftest.cpp:100:44: note:   template argument deduction/substitution failed:
conftest.cpp: In substitution of 'template<class Ret, class Fn> Ret cxx11test::eval(Fn, Ret) [with Ret = int; Fn = main(int, char**)::__lambda0]':
conftest.cpp:160:46:   required from here
conftest.cpp:160:46: error: template argument for 'template<class Ret, class Fn> Ret cxx11test::eval(Fn, Ret)' uses local type 'main(int, char**)::__lambda0'
   assert (eval ([](int x) { return x*2; }, 21) == 42);
                                              ^
conftest.cpp:160:46: error:   trying to instantiate 'template<class Ret, class Fn> Ret cxx11test::eval(Fn, Ret)'
conftest.cpp:162:48: warning: lambda expressions only available with -std=c++11 or -std=gnu++11 [enabled by default]
   assert (eval ([&](double x) { return d += x; }, 3.0) == 5.0);
                                                ^
conftest.cpp:162:54: error: no matching function for call to 'eval(main(int, char**)::__lambda1, double)'
   assert (eval ([&](double x) { return d += x; }, 3.0) == 5.0);
                                                      ^
conftest.cpp:162:54: note: candidate is:
conftest.cpp:100:44: note: template<class Ret, class Fn> Ret cxx11test::eval(Fn, Ret)
   template <typename Ret, typename Fn> Ret eval(Fn f, Ret v)
                                            ^
conftest.cpp:100:44: note:   template argument deduction/substitution failed:
conftest.cpp: In substitution of 'template<class Ret, class Fn> Ret cxx11test::eval(Fn, Ret) [with Ret = double; Fn = main(int, char**)::__lambda1]':
conftest.cpp:162:54:   required from here
conftest.cpp:162:54: error: template argument for 'template<class Ret, class Fn> Ret cxx11test::eval(Fn, Ret)' uses local type 'main(int, char**)::__lambda1'
   assert (eval ([&](double x) { return d += x; }, 3.0) == 5.0);
                                                      ^
conftest.cpp:162:54: error:   trying to instantiate 'template<class Ret, class Fn> Ret cxx11test::eval(Fn, Ret)'
conftest.cpp:164:56: warning: lambda expressions only available with -std=c++11 or -std=gnu++11 [enabled by default]
   assert (eval ([=](double x) mutable { return d += x; }, 4.0) == 9.0);
                                                        ^
conftest.cpp:164:62: error: no matching function for call to 'eval(main(int, char**)::__lambda2, double)'
   assert (eval ([=](double x) mutable { return d += x; }, 4.0) == 9.0);
                                                              ^
conftest.cpp:164:62: note: candidate is:
conftest.cpp:100:44: note: template<class Ret, class Fn> Ret cxx11test::eval(Fn, Ret)
   template <typename Ret, typename Fn> Ret eval(Fn f, Ret v)
                                            ^
conftest.cpp:100:44: note:   template argument deduction/substitution failed:
conftest.cpp: In substitution of 'template<class Ret, class Fn> Ret cxx11test::eval(Fn, Ret) [with Ret = double; Fn = main(int, char**)::__lambda2]':
conftest.cpp:164:62:   required from here
conftest.cpp:164:62: error: template argument for 'template<class Ret, class Fn> Ret cxx11test::eval(Fn, Ret)' uses local type 'main(int, char**)::__lambda2'
   assert (eval ([=](double x) mutable { return d += x; }, 4.0) == 9.0);
                                                              ^
conftest.cpp:164:62: error:   trying to instantiate 'template<class Ret, class Fn> Ret cxx11test::eval(Fn, Ret)'
conftest.cpp:169:20: error: 'cxx11test::sum' has not been declared
   using cxx11test::sum;
                    ^
conftest.cpp:170:8: error: 'a' does not name a type
   auto a = sum(1);
        ^
conftest.cpp:171:8: error: 'b' does not name a type
   auto b = sum(1, 2);
        ^
conftest.cpp:172:8: error: 'c' does not name a type
   auto c = sum(1.0, 2.0, 3.0);
        ^
conftest.cpp:186:13: error: 'nullptr' was not declared in this scope
   char *c = nullptr;
             ^
conftest.cpp:190:36: error: '>>' should be '> >' within a nested template argument list
   test_template<::test_template<int>> v(test_template<int>(12));
                                    ^
conftest.cpp:190:16: error: '<::' cannot begin a template-argument list [-fpermissive]
   test_template<::test_template<int>> v(test_template<int>(12));
                ^
conftest.cpp:190:16: note: '<:' is an alternate spelling for '['. Insert whitespace between '<' and '::'
conftest.cpp:190:16: note: (if you use '-fpermissive' or '-std=c++11', or '-std=gnu++11' G++ will accept your code)
conftest.cpp:194:22: error: 'u8' was not declared in this scope
   char const *utf8 = u8"UTF-8 string \u2500";
                      ^
conftest.cpp:195:3: error: 'char16_t' was not declared in this scope
   char16_t const *utf16 = u"UTF-8 string \u2500";
   ^
conftest.cpp:195:12: error: expected ';' before 'const'
   char16_t const *utf16 = u"UTF-8 string \u2500";
            ^
conftest.cpp:196:3: error: 'char32_t' was not declared in this scope
   char32_t const *utf32 = U"UTF-32 string \u2500";
   ^
conftest.cpp:196:12: error: expected ';' before 'const'
   char32_t const *utf32 = U"UTF-32 string \u2500";
            ^
configure:3996: $? = 1
configure: failed program was:
| /* confdefs.h */
| #define PACKAGE_NAME "guinea-pig"
| #define PACKAGE_TARNAME "guinea-pig"
| #define PACKAGE_VERSION "1.2.2"
| #define PACKAGE_STRING "guinea-pig 1.2.2"
| #define PACKAGE_BUGREPORT "barbara.dalena@cern.ch"
| #define PACKAGE_URL ""
| #define PACKAGE ""
| #define VERSION ""
| /* end confdefs.h.  */
| 
| // Does the compiler advertise C++98 conformance?
| #if !defined __cplusplus || __cplusplus < 199711L
| # error "Compiler does not advertise C++98 conformance"
| #endif
| 
| // These inclusions are to reject old compilers that
| // lack the unsuffixed header files.
| #include <cstdlib>
| #include <exception>
| 
| // <cassert> and <cstring> are *not* freestanding headers in C++98.
| extern void assert (int);
| namespace std {
|   extern int strcmp (const char *, const char *);
| }
| 
| // Namespaces, exceptions, and templates were all added after "C++ 2.0".
| using std::exception;
| using std::strcmp;
| 
| namespace {
| 
| void test_exception_syntax()
| {
|   try {
|     throw "test";
|   } catch (const char *s) {
|     // Extra parentheses suppress a warning when building autoconf itself,
|     // due to lint rules shared with more typical C programs.
|     assert (!(strcmp) (s, "test"));
|   }
| }
| 
| template <typename T> struct test_template
| {
|   T const val;
|   explicit test_template(T t) : val(t) {}
|   template <typename U> T add(U u) { return static_cast<T>(u) + val; }
| };
| 
| } // anonymous namespace
| 
| 
| // Does the compiler advertise C++ 2011 conformance?
| #if !defined __cplusplus || __cplusplus < 201103L
| # error "Compiler does not advertise C++11 conformance"
| #endif
| 
| namespace cxx11test
| {
|   constexpr int get_val() { return 20; }
| 
|   struct testinit
|   {
|     int i;
|     double d;
|   };
| 
|   class delegate
|   {
|   public:
|     delegate(int n) : n(n) {}
|     delegate(): delegate(2354) {}
| 
|     virtual int getval() { return this->n; };
|   protected:
|     int n;
|   };
| 
|   class overridden : public delegate
|   {
|   public:
|     overridden(int n): delegate(n) {}
|     virtual int getval() override final { return this->n * 2; }
|   };
| 
|   class nocopy
|   {
|   public:
|     nocopy(int i): i(i) {}
|     nocopy() = default;
|     nocopy(const nocopy&) = delete;
|     nocopy & operator=(const nocopy&) = delete;
|   private:
|     int i;
|   };
| 
|   // for testing lambda expressions
|   template <typename Ret, typename Fn> Ret eval(Fn f, Ret v)
|   {
|     return f(v);
|   }
| 
|   // for testing variadic templates and trailing return types
|   template <typename V> auto sum(V first) -> V
|   {
|     return first;
|   }
|   template <typename V, typename... Args> auto sum(V first, Args... rest) -> V
|   {
|     return first + sum(rest...);
|   }
| }
| 
| 
| int
| main (int argc, char **argv)
| {
|   int ok = 0;
|   
|   assert (argc);
|   assert (! argv[0]);
| {
|   test_exception_syntax ();
|   test_template<double> tt (2.0);
|   assert (tt.add (4) == 6.0);
|   assert (true && !false);
| }
| 
|   
| {
|   // Test auto and decltype
|   auto a1 = 6538;
|   auto a2 = 48573953.4;
|   auto a3 = "String literal";
| 
|   int total = 0;
|   for (auto i = a3; *i; ++i) { total += *i; }
| 
|   decltype(a2) a4 = 34895.034;
| }
| {
|   // Test constexpr
|   short sa[cxx11test::get_val()] = { 0 };
| }
| {
|   // Test initializer lists
|   cxx11test::testinit il = { 4323, 435234.23544 };
| }
| {
|   // Test range-based for
|   int array[] = {9, 7, 13, 15, 4, 18, 12, 10, 5, 3,
|                  14, 19, 17, 8, 6, 20, 16, 2, 11, 1};
|   for (auto &x : array) { x += 23; }
| }
| {
|   // Test lambda expressions
|   using cxx11test::eval;
|   assert (eval ([](int x) { return x*2; }, 21) == 42);
|   double d = 2.0;
|   assert (eval ([&](double x) { return d += x; }, 3.0) == 5.0);
|   assert (d == 5.0);
|   assert (eval ([=](double x) mutable { return d += x; }, 4.0) == 9.0);
|   assert (d == 5.0);
| }
| {
|   // Test use of variadic templates
|   using cxx11test::sum;
|   auto a = sum(1);
|   auto b = sum(1, 2);
|   auto c = sum(1.0, 2.0, 3.0);
| }
| {
|   // Test constructor delegation
|   cxx11test::delegate d1;
|   cxx11test::delegate d2();
|   cxx11test::delegate d3(45);
| }
| {
|   // Test override and final
|   cxx11test::overridden o1(55464);
| }
| {
|   // Test nullptr
|   char *c = nullptr;
| }
| {
|   // Test template brackets
|   test_template<::test_template<int>> v(test_template<int>(12));
| }
| {
|   // Unicode literals
|   char const *utf8 = u8"UTF-8 string \u2500";
|   char16_t const *utf16 = u"UTF-8 string \u2500";
|   char32_t const *utf32 = U"UTF-32 string \u2500";
| }
| 
|   return ok;
| }
| 
configure:4014: result: none needed
configure:4140: checking for gcc
configure:4161: found /bin/gcc
configure:4172: result: gcc
configure:4525: checking for C compiler version
configure:4534: gcc --version >&5
gcc (GCC) 4.8.5 20150623 (Red Hat 4.8.5-39)
Copyright (C) 2015 Free Software Foundation, Inc.
This is free software; see the source for copying conditions.  There is NO
warranty; not even for MERCHANTABILITY or FITNESS FOR A PARTICULAR PURPOSE.

configure:4545: $? = 0
configure:4534: gcc -v >&5
Using built-in specs.
COLLECT_GCC=gcc
COLLECT_LTO_WRAPPER=/usr/libexec/gcc/x86_64-redhat-linux/4.8.5/lto-wrapper
Target: x86_64-redhat-linux
Configured with: ../configure --prefix=/usr --mandir=/usr/share/man --infodir=/usr/share/info --with-bugurl=http://bugzilla.redhat.com/bugzilla --enable-bootstrap --enable-shared --enable-threads=posix --enable-checking=release --with-system-zlib --enable-__cxa_atexit --disable-libunwind-exceptions --enable-gnu-unique-object --enable-linker-build-id --with-linker-hash-style=gnu --enable-languages=c,c++,objc,obj-c++,java,fortran,ada,go,lto --enable-plugin --enable-initfini-array --disable-libgcj --with-isl=/builddir/build/BUILD/gcc-4.8.5-20150702/obj-x86_64-redhat-linux/isl-install --with-cloog=/builddir/build/BUILD/gcc-4.8.5-20150702/obj-x86_64-redhat-linux/cloog-install --enable-gnu-indirect-function --with-tune=generic --with-arch_32=x86-64 --build=x86_64-redhat-linux
Thread model: posix
gcc version 4.8.5 20150623 (Red Hat 4.8.5-39) (GCC) 
configure:4545: $? = 0
configure:4534: gcc -V >&5
gcc: error: unrecognized command line option '-V'
gcc: fatal error: no input files
compilation terminated.
configure:4545: $? = 4
configure:4534: gcc -qversion >&5
gcc: error: unrecognized command line option '-qversion'
gcc: fatal error: no input files
compilation terminated.
configure:4545: $? = 4
configure:4534: gcc -version >&5
gcc: error: unrecognized command line option '-version'
gcc: fatal error: no input files
compilation terminated.
configure:4545: $? = 4
configure:4549: checking whether the compiler supports GNU C
configure:4569: gcc -c   conftest.c >&5
configure:4569: $? = 0
configure:4579: result: yes
configure:4590: checking whether gcc accepts -g
configure:4611: gcc -c -g  conftest.c >&5
configure:4611: $? = 0
configure:4655: result: yes
configure:4675: checking for gcc option to enable C11 features
configure:4690: gcc  -c -g -O2  conftest.c >&5
conftest.c:63:3: error: #error "Compiler does not advertise C99 conformance"
 # error "Compiler does not advertise C99 conformance"
   ^
conftest.c:118:29: error: expected ';', ',' or ')' before 'text'
 test_restrict (ccp restrict text)
                             ^
conftest.c:167:3: error: #error "Compiler does not advertise C11 conformance"
 # error "Compiler does not advertise C11 conformance"
   ^
conftest.c:198:12: error: 'syntax' undeclared here (not in a function)
 #define u8 syntax error!
            ^
conftest.c:199:29: note: in expansion of macro 'u8'
 char const utf8_literal[] = u8"happens to be ASCII" "another string";
                             ^
conftest.c:198:19: error: expected ',' or ';' before 'error'
 #define u8 syntax error!
                   ^
conftest.c:199:29: note: in expansion of macro 'u8'
 char const utf8_literal[] = u8"happens to be ASCII" "another string";
                             ^
conftest.c: In function 'main':
conftest.c:232:18: error: expected '=', ',', ';', 'asm' or '__attribute__' before 'newvar'
   char *restrict newvar = "Another string";
                  ^
conftest.c:232:18: error: 'newvar' undeclared (first use in this function)
conftest.c:232:18: note: each undeclared identifier is reported only once for each function it appears in
conftest.c:242:3: error: 'for' loop initial declarations are only allowed in C99 mode
   for (int i = 0; i < ia->datasize; ++i)
   ^
conftest.c:242:3: note: use option -std=c99 or -std=gnu99 to compile your code
configure:4690: $? = 1
configure: failed program was:
| /* confdefs.h */
| #define PACKAGE_NAME "guinea-pig"
| #define PACKAGE_TARNAME "guinea-pig"
| #define PACKAGE_VERSION "1.2.2"
| #define PACKAGE_STRING "guinea-pig 1.2.2"
| #define PACKAGE_BUGREPORT "barbara.dalena@cern.ch"
| #define PACKAGE_URL ""
| #define PACKAGE ""
| #define VERSION ""
| /* end confdefs.h.  */
| 
| /* Does the compiler advertise C89 conformance?
|    Do not test the value of __STDC__, because some compilers set it to 0
|    while being otherwise adequately conformant. */
| #if !defined __STDC__
| # error "Compiler does not advertise C89 conformance"
| #endif
| 
| #include <stddef.h>
| #include <stdarg.h>
| struct stat;
| /* Most of the following tests are stolen from RCS 5.7 src/conf.sh.  */
| struct buf { int x; };
| struct buf * (*rcsopen) (struct buf *, struct stat *, int);
| static char *e (p, i)
|      char **p;
|      int i;
| {
|   return p[i];
| }
| static char *f (char * (*g) (char **, int), char **p, ...)
| {
|   char *s;
|   va_list v;
|   va_start (v,p);
|   s = g (p, va_arg (v,int));
|   va_end (v);
|   return s;
| }
| 
| /* OSF 4.0 Compaq cc is some sort of almost-ANSI by default.  It has
|    function prototypes and stuff, but not \xHH hex character constants.
|    These do not provoke an error unfortunately, instead are silently treated
|    as an "x".  The following induces an error, until -std is added to get
|    proper ANSI mode.  Curiously \x00 != x always comes out true, for an
|    array size at least.  It is necessary to write \x00 == 0 to get something
|    that is true only with -std.  */
| int osf4_cc_array ['\x00' == 0 ? 1 : -1];
| 
| /* IBM C 6 for AIX is almost-ANSI by default, but it replaces macro parameters
|    inside strings and character constants.  */
| #define FOO(x) 'x'
| int xlc6_cc_array[FOO(a) == 'x' ? 1 : -1];
| 
| int test (int i, double x);
| struct s1 {int (*f) (int a);};
| struct s2 {int (*f) (double a);};
| int pairnames (int, char **, int *(*)(struct buf *, struct stat *, int),
|                int, int);
| 
| // Does the compiler advertise C99 conformance?
| #if !defined __STDC_VERSION__ || __STDC_VERSION__ < 199901L
| # error "Compiler does not advertise C99 conformance"
| #endif
| 
| #include <stdbool.h>
| extern int puts (const char *);
| extern int printf (const char *, ...);
| extern int dprintf (int, const char *, ...);
| extern void *malloc (size_t);
| 
| // Check varargs macros.  These examples are taken from C99 6.10.3.5.
| // dprintf is used instead of fprintf to avoid needing to declare
| // FILE and stderr.
| #define debug(...) dprintf (2, __VA_ARGS__)
| #define showlist(...) puts (#__VA_ARGS__)
| #define report(test,...) ((test) ? puts (#test) : printf (__VA_ARGS__))
| static void
| test_varargs_macros (void)
| {
|   int x = 1234;
|   int y = 5678;
|   debug ("Flag");
|   debug ("X = %d\n", x);
|   showlist (The first, second, and third items.);
|   report (x>y, "x is %d but y is %d", x, y);
| }
| 
| // Check long long types.
| #define BIG64 18446744073709551615ull
| #define BIG32 4294967295ul
| #define BIG_OK (BIG64 / BIG32 == 4294967297ull && BIG64 % BIG32 == 0)
| #if !BIG_OK
|   #error "your preprocessor is broken"
| #endif
| #if BIG_OK
| #else
|   #error "your preprocessor is broken"
| #endif
| static long long int bignum = -9223372036854775807LL;
| static unsigned long long int ubignum = BIG64;
| 
| struct incomplete_array
| {
|   int datasize;
|   double data[];
| };
| 
| struct named_init {
|   int number;
|   const wchar_t *name;
|   double average;
| };
| 
| typedef const char *ccp;
| 
| static inline int
| test_restrict (ccp restrict text)
| {
|   // See if C++-style comments work.
|   // Iterate through items via the restricted pointer.
|   // Also check for declarations in for loops.
|   for (unsigned int i = 0; *(text+i) != '\0'; ++i)
|     continue;
|   return 0;
| }
| 
| // Check varargs and va_copy.
| static bool
| test_varargs (const char *format, ...)
| {
|   va_list args;
|   va_start (args, format);
|   va_list args_copy;
|   va_copy (args_copy, args);
| 
|   const char *str = "";
|   int number = 0;
|   float fnumber = 0;
| 
|   while (*format)
|     {
|       switch (*format++)
| 	{
| 	case 's': // string
| 	  str = va_arg (args_copy, const char *);
| 	  break;
| 	case 'd': // int
| 	  number = va_arg (args_copy, int);
| 	  break;
| 	case 'f': // float
| 	  fnumber = va_arg (args_copy, double);
| 	  break;
| 	default:
| 	  break;
| 	}
|     }
|   va_end (args_copy);
|   va_end (args);
| 
|   return *str && number && fnumber;
| }
| 
| 
| // Does the compiler advertise C11 conformance?
| #if !defined __STDC_VERSION__ || __STDC_VERSION__ < 201112L
| # error "Compiler does not advertise C11 conformance"
| #endif
| 
| // Check _Alignas.
| char _Alignas (double) aligned_as_double;
| char _Alignas (0) no_special_alignment;
| extern char aligned_as_int;
| char _Alignas (0) _Alignas (int) aligned_as_int;
| 
| // Check _Alignof.
| enum
| {
|   int_alignment = _Alignof (int),
|   int_array_alignment = _Alignof (int[100]),
|   char_alignment = _Alignof (char)
| };
| _Static_assert (0 < -_Alignof (int), "_Alignof is signed");
| 
| // Check _Noreturn.
| int _Noreturn does_not_return (void) { for (;;) continue; }
| 
| // Check _Static_assert.
| struct test_static_assert
| {
|   int x;
|   _Static_assert (sizeof (int) <= sizeof (long int),
|                   "_Static_assert does not work in struct");
|   long int y;
| };
| 
| // Check UTF-8 literals.
| #define u8 syntax error!
| char const utf8_literal[] = u8"happens to be ASCII" "another string";
| 
| // Check duplicate typedefs.
| typedef long *long_ptr;
| typedef long int *long_ptr;
| typedef long_ptr long_ptr;
| 
| // Anonymous structures and unions -- taken from C11 6.7.2.1 Example 1.
| struct anonymous
| {
|   union {
|     struct { int i; int j; };
|     struct { int k; long int l; } w;
|   };
|   int m;
| } v1;
| 
| 
| int
| main (int argc, char **argv)
| {
|   int ok = 0;
|   
| ok |= (argc == 0 || f (e, argv, 0) != argv[0] || f (e, argv, 1) != argv[1]);
| 
|   
|   // Check bool.
|   _Bool success = false;
|   success |= (argc != 0);
| 
|   // Check restrict.
|   if (test_restrict ("String literal") == 0)
|     success = true;
|   char *restrict newvar = "Another string";
| 
|   // Check varargs.
|   success &= test_varargs ("s, d' f .", "string", 65, 34.234);
|   test_varargs_macros ();
| 
|   // Check flexible array members.
|   struct incomplete_array *ia =
|     malloc (sizeof (struct incomplete_array) + (sizeof (double) * 10));
|   ia->datasize = 10;
|   for (int i = 0; i < ia->datasize; ++i)
|     ia->data[i] = i * 1.234;
| 
|   // Check named initializers.
|   struct named_init ni = {
|     .number = 34,
|     .name = L"Test wide string",
|     .average = 543.34343,
|   };
| 
|   ni.number = 58;
| 
|   int dynamic_array[ni.number];
|   dynamic_array[0] = argv[0][0];
|   dynamic_array[ni.number - 1] = 543;
| 
|   // work around unused variable warnings
|   ok |= (!success || bignum == 0LL || ubignum == 0uLL || newvar[0] == 'x'
| 	 || dynamic_array[ni.number - 1] != 543);
| 
|   
|   _Static_assert ((offsetof (struct anonymous, i)
| 		   == offsetof (struct anonymous, w.k)),
| 		  "Anonymous union alignment botch");
|   v1.i = 2;
|   v1.w.k = 5;
|   ok |= v1.i != 5;
| 
|   return ok;
| }
| 
configure:4690: gcc -std=gnu11 -c -g -O2  conftest.c >&5
configure:4690: $? = 0
configure:4711: result: -std=gnu11
configure:4851: checking for stdio.h
configure:4851: gcc -std=gnu11 -c -O3 -ffast-math -fno-keep-inline-functions -Wall -Wundef -fPIC  -DUSE_NON_CONST conftest.c >&5
configure:4851: $? = 0
configure:4851: result: yes
configure:4851: checking for stdlib.h
configure:4851: gcc -std=gnu11 -c -O3 -ffast-math -fno-keep-inline-functions -Wall -Wundef -fPIC  -DUSE_NON_CONST conftest.c >&5
configure:4851: $? = 0
configure:4851: result: yes
configure:4851: checking for string.h
configure:4851: gcc -std=gnu11 -c -O3 -ffast-math -fno-keep-inline-functions -Wall -Wundef -fPIC  -DUSE_NON_CONST conftest.c >&5
configure:4851: $? = 0
configure:4851: result: yes
configure:4851: checking for inttypes.h
configure:4851: gcc -std=gnu11 -c -O3 -ffast-math -fno-keep-inline-functions -Wall -Wundef -fPIC  -DUSE_NON_CONST conftest.c >&5
configure:4851: $? = 0
configure:4851: result: yes
configure:4851: checking for stdint.h
configure:4851: gcc -std=gnu11 -c -O3 -ffast-math -fno-keep-inline-functions -Wall -Wundef -fPIC  -DUSE_NON_CONST conftest.c >&5
configure:4851: $? = 0
configure:4851: result: yes
configure:4851: checking for strings.h
configure:4851: gcc -std=gnu11 -c -O3 -ffast-math -fno-keep-inline-functions -Wall -Wundef -fPIC  -DUSE_NON_CONST conftest.c >&5
configure:4851: $? = 0
configure:4851: result: yes
configure:4851: checking for sys/stat.h
configure:4851: gcc -std=gnu11 -c -O3 -ffast-math -fno-keep-inline-functions -Wall -Wundef -fPIC  -DUSE_NON_CONST conftest.c >&5
configure:4851: $? = 0
configure:4851: result: yes
configure:4851: checking for sys/types.h
configure:4851: gcc -std=gnu11 -c -O3 -ffast-math -fno-keep-inline-functions -Wall -Wundef -fPIC  -DUSE_NON_CONST conftest.c >&5
configure:4851: $? = 0
configure:4851: result: yes
configure:4851: checking for unistd.h
configure:4851: gcc -std=gnu11 -c -O3 -ffast-math -fno-keep-inline-functions -Wall -Wundef -fPIC  -DUSE_NON_CONST conftest.c >&5
configure:4851: $? = 0
configure:4851: result: yes
configure:4880: checking size of void*
configure:4886: gcc -std=gnu11 -o conftest -O3 -ffast-math -fno-keep-inline-functions -Wall -Wundef -fPIC  -DUSE_NON_CONST  conftest.c  >&5
configure:4886: $? = 0
configure:4886: ./conftest
configure:4886: $? = 0
configure:4901: result: 8
configure:5086: checking for grep that handles long lines and -e
configure:5150: result: /bin/grep
configure:5155: checking for egrep
configure:5223: result: /bin/grep -E
configure:5229: checking for stdlib.h
configure:5229: result: yes
configure:5239: checking for _Bool
configure:5239: gcc -std=gnu11 -c -O3 -ffast-math -fno-keep-inline-functions -Wall -Wundef -fPIC -m64 -DCOMPUTER64b  -DUSE_NON_CONST conftest.c >&5
configure:5239: $? = 0
configure:5239: gcc -std=gnu11 -c -O3 -ffast-math -fno-keep-inline-functions -Wall -Wundef -fPIC -m64 -DCOMPUTER64b  -DUSE_NON_CONST conftest.c >&5
conftest.c: In function 'main':
conftest.c:54:20: error: expected expression before ')' token
 if (sizeof ((_Bool)))
                    ^
configure:5239: $? = 1
configure: failed program was:
| /* confdefs.h */
| #define PACKAGE_NAME "guinea-pig"
| #define PACKAGE_TARNAME "guinea-pig"
| #define PACKAGE_VERSION "1.2.2"
| #define PACKAGE_STRING "guinea-pig 1.2.2"
| #define PACKAGE_BUGREPORT "barbara.dalena@cern.ch"
| #define PACKAGE_URL ""
| #define PACKAGE ""
| #define VERSION ""
| #define HAVE_STDIO_H 1
| #define HAVE_STDLIB_H 1
| #define HAVE_STRING_H 1
| #define HAVE_INTTYPES_H 1
| #define HAVE_STDINT_H 1
| #define HAVE_STRINGS_H 1
| #define HAVE_SYS_STAT_H 1
| #define HAVE_SYS_TYPES_H 1
| #define HAVE_UNISTD_H 1
| #define STDC_HEADERS 1
| #define SIZEOF_VOIDP 8
| #define HAVE_STDLIB_H 1
| /* end confdefs.h.  */
| #include <stddef.h>
| #ifdef HAVE_STDIO_H
| # include <stdio.h>
| #endif
| #ifdef HAVE_STDLIB_H
| # include <stdlib.h>
| #endif
| #ifdef HAVE_STRING_H
| # include <string.h>
| #endif
| #ifdef HAVE_INTTYPES_H
| # include <inttypes.h>
| #endif
| #ifdef HAVE_STDINT_H
| # include <stdint.h>
| #endif
| #ifdef HAVE_STRINGS_H
| # include <strings.h>
| #endif
| #ifdef HAVE_SYS_TYPES_H
| # include <sys/types.h>
| #endif
| #ifdef HAVE_SYS_STAT_H
| # include <sys/stat.h>
| #endif
| #ifdef HAVE_UNISTD_H
| # include <unistd.h>
| #endif
| int
| main (void)
| {
| if (sizeof ((_Bool)))
| 	    return 0;
|   ;
|   return 0;
| }
configure:5239: result: yes
configure:5248: checking for stdbool.h that conforms to C99
configure:5364: gcc -std=gnu11 -c -O3 -ffast-math -fno-keep-inline-functions -Wall -Wundef -fPIC -m64 -DCOMPUTER64b  -DUSE_NON_CONST conftest.c >&5
conftest.c:76:18: warning: "__cplusplus" is not defined [-Wundef]
              #if __cplusplus < 201103
                  ^
conftest.c: In function 'main':
conftest.c:109:14: warning: the address of 's' will always evaluate as 'true' [-Waddress]
              bool ps = &s;
              ^
conftest.c:114:16: warning: the address of 't' will always evaluate as 'true' [-Waddress]
                _Bool pt = &t;
                ^
conftest.c:121:22: warning: the address of 'a' will always evaluate as 'true' [-Waddress]
              return (!a + !b + !c + !d + !e + !f + !g + !h + !i + !j + !k
                      ^
conftest.c:121:27: warning: the address of 'b' will always evaluate as 'true' [-Waddress]
              return (!a + !b + !c + !d + !e + !f + !g + !h + !i + !j + !k
                           ^
conftest.c:121:32: warning: the address of 'c' will always evaluate as 'true' [-Waddress]
              return (!a + !b + !c + !d + !e + !f + !g + !h + !i + !j + !k
                                ^
conftest.c:121:37: warning: the address of 'd' will always evaluate as 'true' [-Waddress]
              return (!a + !b + !c + !d + !e + !f + !g + !h + !i + !j + !k
                                     ^
conftest.c:121:62: warning: the address of 'i' will always evaluate as 'true' [-Waddress]
              return (!a + !b + !c + !d + !e + !f + !g + !h + !i + !j + !k
                                                              ^
conftest.c:121:67: warning: the address of 'j' will always evaluate as 'true' [-Waddress]
              return (!a + !b + !c + !d + !e + !f + !g + !h + !i + !j + !k
                                                                   ^
conftest.c:121:72: warning: the address of 'k' will always evaluate as 'true' [-Waddress]
              return (!a + !b + !c + !d + !e + !f + !g + !h + !i + !j + !k
                                                                        ^
conftest.c:122:24: warning: the address of 'l' will always evaluate as 'true' [-Waddress]
                        ^
conftest.c:122:29: warning: the address of 'm' will always evaluate as 'true' [-Waddress]
                             ^
conftest.c:122:34: warning: the address of 'n' will always evaluate as 'true' [-Waddress]
                                  ^
conftest.c:122:39: warning: the address of 'o' will always evaluate as 'true' [-Waddress]
                                       ^
conftest.c:124:24: warning: the address of 'q' will always evaluate as 'true' [-Waddress]
                        ^
conftest.c:124:29: warning: the address of 'r' will always evaluate as 'true' [-Waddress]
                             ^
conftest.c:124:34: warning: the address of 'u' will always evaluate as 'true' [-Waddress]
                                  ^
conftest.c:124:39: warning: the address of 'v' will always evaluate as 'true' [-Waddress]
                                       ^
conftest.c:124:44: warning: the address of 'w' will always evaluate as 'true' [-Waddress]
                                            ^
conftest.c:124:49: warning: the address of 'x' will always evaluate as 'true' [-Waddress]
                                                 ^
conftest.c:124:54: warning: the address of 'y' will always evaluate as 'true' [-Waddress]
                                                      ^
configure:5364: $? = 0
configure:5372: result: yes
configure:5381: checking for an ANSI C-conforming const
configure:5448: gcc -std=gnu11 -c -O3 -ffast-math -fno-keep-inline-functions -Wall -Wundef -fPIC -m64 -DCOMPUTER64b  -DUSE_NON_CONST conftest.c >&5
configure:5448: $? = 0
configure:5456: result: yes
configure:5464: checking for inline
configure:5481: gcc -std=gnu11 -c -O3 -ffast-math -fno-keep-inline-functions -Wall -Wundef -fPIC -m64 -DCOMPUTER64b  -DUSE_NON_CONST conftest.c >&5
configure:5481: $? = 0
configure:5490: result: inline
configure:5510: checking for GNU libc compatible malloc
configure:5542: gcc -std=gnu11 -o conftest -O3 -ffast-math -fno-keep-inline-functions -Wall -Wundef -fPIC -m64 -DCOMPUTER64b  -DUSE_NON_CONST  conftest.c  >&5
configure:5542: $? = 0
configure:5542: ./conftest
configure:5542: $? = 0
configure:5553: result: yes
configure:5575: checking for working strtod
configure:5618: gcc -std=gnu11 -o conftest -O3 -ffast-math -fno-keep-inline-functions -Wall -Wundef -fPIC -m64 -DCOMPUTER64b  -DUSE_NON_CONST  conftest.c  >&5
configure:5618: $? = 0
configure:5618: ./conftest
configure:5618: $? = 0
configure:5629: result: yes
configure:5692: checking for floor
configure:5692: gcc -std=gnu11 -o conftest -O3 -ffast-math -fno-keep-inline-functions -Wall -Wundef -fPIC -m64 -DCOMPUTER64b  -DUSE_NON_CONST  conftest.c  >&5
conftest.c:42:6: warning: conflicting types for built-in function 'floor' [enabled by default]
 char floor ();
      ^
/tmp/ccdk0yA2.o: In function `main':
conftest.c:(.text.startup+0x7): undefined reference to `floor'
collect2: error: ld returned 1 exit status
configure:5692: $? = 1
configure: failed program was:
| /* confdefs.h */
| #define PACKAGE_NAME "guinea-pig"
| #define PACKAGE_TARNAME "guinea-pig"
| #define PACKAGE_VERSION "1.2.2"
| #define PACKAGE_STRING "guinea-pig 1.2.2"
| #define PACKAGE_BUGREPORT "barbara.dalena@cern.ch"
| #define PACKAGE_URL ""
| #define PACKAGE ""
| #define VERSION ""
| #define HAVE_STDIO_H 1
| #define HAVE_STDLIB_H 1
| #define HAVE_STRING_H 1
| #define HAVE_INTTYPES_H 1
| #define HAVE_STDINT_H 1
| #define HAVE_STRINGS_H 1
| #define HAVE_SYS_STAT_H 1
| #define HAVE_SYS_TYPES_H 1
| #define HAVE_UNISTD_H 1
| #define STDC_HEADERS 1
| #define SIZEOF_VOIDP 8
| #define HAVE_STDLIB_H 1
| #define HAVE__BOOL 1
| #define HAVE_STDBOOL_H 1
| #define HAVE_MALLOC 1
| /* end confdefs.h.  */
| /* Define floor to an innocuous variant, in case <limits.h> declares floor.
|    For example, HP-UX 11i <limits.h> declares gettimeofday.  */
| #define floor innocuous_floor
| 
| /* System header to define __stub macros and hopefully few prototypes,
|    which can conflict with char floor (); below.  */
| 
| #include <limits.h>
| #undef floor
| 
| /* Override any GCC internal prototype to avoid an error.
|    Use char because int might match the return type of a GCC
|    builtin and then its argument prototype would still apply.  */
| #ifdef __cplusplus
| extern "C"
| #endif
| char floor ();
| /* The GNU C library defines this for functions which it implements
|     to always fail with ENOSYS.  Some functions are actually named
|     something starting with __ and the normal name is an alias.  */
| #if defined __stub_floor || defined __stub___floor
| choke me
| #endif
| 
| int
| main (void)
| {
| return floor ();
|   ;
|   return 0;
| }
configure:5692: result: no
configure:5698: checking for pow
configure:5698: gcc -std=gnu11 -o conftest -O3 -ffast-math -fno-keep-inline-functions -Wall -Wundef -fPIC -m64 -DCOMPUTER64b  -DUSE_NON_CONST  conftest.c  >&5
conftest.c:42:6: warning: conflicting types for built-in function 'pow' [enabled by default]
 char pow ();
      ^
/tmp/ccyg9Po4.o: In function `main':
conftest.c:(.text.startup+0x7): undefined reference to `pow'
collect2: error: ld returned 1 exit status
configure:5698: $? = 1
configure: failed program was:
| /* confdefs.h */
| #define PACKAGE_NAME "guinea-pig"
| #define PACKAGE_TARNAME "guinea-pig"
| #define PACKAGE_VERSION "1.2.2"
| #define PACKAGE_STRING "guinea-pig 1.2.2"
| #define PACKAGE_BUGREPORT "barbara.dalena@cern.ch"
| #define PACKAGE_URL ""
| #define PACKAGE ""
| #define VERSION ""
| #define HAVE_STDIO_H 1
| #define HAVE_STDLIB_H 1
| #define HAVE_STRING_H 1
| #define HAVE_INTTYPES_H 1
| #define HAVE_STDINT_H 1
| #define HAVE_STRINGS_H 1
| #define HAVE_SYS_STAT_H 1
| #define HAVE_SYS_TYPES_H 1
| #define HAVE_UNISTD_H 1
| #define STDC_HEADERS 1
| #define SIZEOF_VOIDP 8
| #define HAVE_STDLIB_H 1
| #define HAVE__BOOL 1
| #define HAVE_STDBOOL_H 1
| #define HAVE_MALLOC 1
| /* end confdefs.h.  */
| /* Define pow to an innocuous variant, in case <limits.h> declares pow.
|    For example, HP-UX 11i <limits.h> declares gettimeofday.  */
| #define pow innocuous_pow
| 
| /* System header to define __stub macros and hopefully few prototypes,
|    which can conflict with char pow (); below.  */
| 
| #include <limits.h>
| #undef pow
| 
| /* Override any GCC internal prototype to avoid an error.
|    Use char because int might match the return type of a GCC
|    builtin and then its argument prototype would still apply.  */
| #ifdef __cplusplus
| extern "C"
| #endif
| char pow ();
| /* The GNU C library defines this for functions which it implements
|     to always fail with ENOSYS.  Some functions are actually named
|     something starting with __ and the normal name is an alias.  */
| #if defined __stub_pow || defined __stub___pow
| choke me
| #endif
| 
| int
| main (void)
| {
| return pow ();
|   ;
|   return 0;
| }
configure:5698: result: no
configure:5704: checking for sqrt
configure:5704: gcc -std=gnu11 -o conftest -O3 -ffast-math -fno-keep-inline-functions -Wall -Wundef -fPIC -m64 -DCOMPUTER64b  -DUSE_NON_CONST  conftest.c  >&5
conftest.c:42:6: warning: conflicting types for built-in function 'sqrt' [enabled by default]
 char sqrt ();
      ^
/tmp/ccmaDYQ9.o: In function `main':
conftest.c:(.text.startup+0x7): undefined reference to `sqrt'
collect2: error: ld returned 1 exit status
configure:5704: $? = 1
configure: failed program was:
| /* confdefs.h */
| #define PACKAGE_NAME "guinea-pig"
| #define PACKAGE_TARNAME "guinea-pig"
| #define PACKAGE_VERSION "1.2.2"
| #define PACKAGE_STRING "guinea-pig 1.2.2"
| #define PACKAGE_BUGREPORT "barbara.dalena@cern.ch"
| #define PACKAGE_URL ""
| #define PACKAGE ""
| #define VERSION ""
| #define HAVE_STDIO_H 1
| #define HAVE_STDLIB_H 1
| #define HAVE_STRING_H 1
| #define HAVE_INTTYPES_H 1
| #define HAVE_STDINT_H 1
| #define HAVE_STRINGS_H 1
| #define HAVE_SYS_STAT_H 1
| #define HAVE_SYS_TYPES_H 1
| #define HAVE_UNISTD_H 1
| #define STDC_HEADERS 1
| #define SIZEOF_VOIDP 8
| #define HAVE_STDLIB_H 1
| #define HAVE__BOOL 1
| #define HAVE_STDBOOL_H 1
| #define HAVE_MALLOC 1
| /* end confdefs.h.  */
| /* Define sqrt to an innocuous variant, in case <limits.h> declares sqrt.
|    For example, HP-UX 11i <limits.h> declares gettimeofday.  */
| #define sqrt innocuous_sqrt
| 
| /* System header to define __stub macros and hopefully few prototypes,
|    which can conflict with char sqrt (); below.  */
| 
| #include <limits.h>
| #undef sqrt
| 
| /* Override any GCC internal prototype to avoid an error.
|    Use char because int might match the return type of a GCC
|    builtin and then its argument prototype would still apply.  */
| #ifdef __cplusplus
| extern "C"
| #endif
| char sqrt ();
| /* The GNU C library defines this for functions which it implements
|     to always fail with ENOSYS.  Some functions are actually named
|     something starting with __ and the normal name is an alias.  */
| #if defined __stub_sqrt || defined __stub___sqrt
| choke me
| #endif
| 
| int
| main (void)
| {
| return sqrt ();
|   ;
|   return 0;
| }
configure:5704: result: no
configure:5710: checking for stpcpy
configure:5710: gcc -std=gnu11 -o conftest -O3 -ffast-math -fno-keep-inline-functions -Wall -Wundef -fPIC -m64 -DCOMPUTER64b  -DUSE_NON_CONST  conftest.c  >&5
conftest.c:42:6: warning: conflicting types for built-in function 'stpcpy' [enabled by default]
 char stpcpy ();
      ^
configure:5710: $? = 0
configure:5710: result: yes
configure:5716: checking for strstr
configure:5716: gcc -std=gnu11 -o conftest -O3 -ffast-math -fno-keep-inline-functions -Wall -Wundef -fPIC -m64 -DCOMPUTER64b  -DUSE_NON_CONST  conftest.c  >&5
conftest.c:43:6: warning: conflicting types for built-in function 'strstr' [enabled by default]
 char strstr ();
      ^
configure:5716: $? = 0
configure:5716: result: yes
configure:5722: checking for strtol
configure:5722: gcc -std=gnu11 -o conftest -O3 -ffast-math -fno-keep-inline-functions -Wall -Wundef -fPIC -m64 -DCOMPUTER64b  -DUSE_NON_CONST  conftest.c  >&5
configure:5722: $? = 0
configure:5722: result: yes
configure:5875: creating ./config.status

## ---------------------- ##
## Running config.status. ##
## ---------------------- ##

This file was extended by guinea-pig config.status 1.2.2, which was
generated by GNU Autoconf 2.71.  Invocation command line was

  CONFIG_FILES    = 
  CONFIG_HEADERS  = 
  CONFIG_LINKS    = 
  CONFIG_COMMANDS = 
  $ ./config.status 

on eofe7.mit.edu

config.status:836: creating Makefile
config.status:836: creating src/Makefile
config.status:836: creating src/config.h
config.status:1011: src/config.h is unchanged

## ---------------- ##
## Cache variables. ##
## ---------------- ##

ac_cv_build=x86_64-unknown-linux-gnu
ac_cv_c_compiler_gnu=yes
ac_cv_c_const=yes
ac_cv_c_inline=inline
ac_cv_cxx_compiler_gnu=yes
ac_cv_env_CCC_set=
ac_cv_env_CCC_value=
ac_cv_env_CC_set=
ac_cv_env_CC_value=
ac_cv_env_CFLAGS_set=
ac_cv_env_CFLAGS_value=
ac_cv_env_CPPFLAGS_set=
ac_cv_env_CPPFLAGS_value=
ac_cv_env_CXXFLAGS_set=
ac_cv_env_CXXFLAGS_value=
ac_cv_env_CXX_set=
ac_cv_env_CXX_value=
ac_cv_env_LDFLAGS_set=
ac_cv_env_LDFLAGS_value=
ac_cv_env_LIBS_set=
ac_cv_env_LIBS_value=
ac_cv_env_build_alias_set=
ac_cv_env_build_alias_value=
ac_cv_env_host_alias_set=
ac_cv_env_host_alias_value=
ac_cv_env_target_alias_set=
ac_cv_env_target_alias_value=
ac_cv_func_floor=no
ac_cv_func_malloc_0_nonnull=yes
ac_cv_func_pow=no
ac_cv_func_sqrt=no
ac_cv_func_stpcpy=yes
ac_cv_func_strstr=yes
ac_cv_func_strtod=yes
ac_cv_func_strtol=yes
ac_cv_header_inttypes_h=yes
ac_cv_header_stdbool_h=yes
ac_cv_header_stdint_h=yes
ac_cv_header_stdio_h=yes
ac_cv_header_stdlib_h=yes
ac_cv_header_string_h=yes
ac_cv_header_strings_h=yes
ac_cv_header_sys_stat_h=yes
ac_cv_header_sys_types_h=yes
ac_cv_header_unistd_h=yes
ac_cv_host=x86_64-unknown-linux-gnu
ac_cv_objext=o
ac_cv_path_EGREP='/bin/grep -E'
ac_cv_path_GREP=/bin/grep
ac_cv_path_install='/bin/install -c'
ac_cv_prog_ac_ct_CC=gcc
ac_cv_prog_ac_ct_CXX=g++
ac_cv_prog_cc_c11=-std=gnu11
ac_cv_prog_cc_g=yes
ac_cv_prog_cc_stdc=-std=gnu11
ac_cv_prog_cxx_11=no
ac_cv_prog_cxx_g=yes
ac_cv_prog_cxx_stdcxx=
ac_cv_prog_make_make_set=yes
ac_cv_sizeof_voidp=8
ac_cv_target=x86_64-unknown-linux-gnu
ac_cv_type__Bool=yes

## ----------------- ##
## Output variables. ##
## ----------------- ##

ACLOCAL='/home/baonguye/guinea-pig/missing aclocal-1.4'
AUTOCONF='autoconf'
AUTOHEADER='autoheader'
AUTOMAKE='/home/baonguye/guinea-pig/missing automake-1.4'
CC='gcc -std=gnu11'
CFLAGS='-O3 -ffast-math -fno-keep-inline-functions -Wall -Wundef -fPIC -m64 -DCOMPUTER64b'
CPPFLAGS=' -DUSE_NON_CONST'
CXX='g++'
CXXFLAGS=''
DEFS='-DHAVE_CONFIG_H'
ECHO_C=''
ECHO_N='-n'
ECHO_T=''
EGREP='/bin/grep -E'
EXEEXT=''
FFTW_CFLAGS='-DUSE_FFT_LOCAL'
FFTW_HOME=''
FFTW_LDFLAGS=''
GREP='/bin/grep'
INSTALL_DATA='${INSTALL} -m 644'
INSTALL_PROGRAM='${INSTALL}'
INSTALL_SCRIPT='${INSTALL}'
LDFLAGS=''
LIBOBJS=''
LIBS=''
LTLIBOBJS=''
MAKEINFO='makeinfo'
OBJEXT='o'
PACKAGE=''
PACKAGE_BUGREPORT='barbara.dalena@cern.ch'
PACKAGE_NAME='guinea-pig'
PACKAGE_STRING='guinea-pig 1.2.2'
PACKAGE_TARNAME='guinea-pig'
PACKAGE_URL=''
PACKAGE_VERSION='1.2.2'
PATH_SEPARATOR=':'
POW_LIB=''
ROOTSYS=''
ROOT_CFLAGS=''
ROOT_LDFLAGS=''
SET_MAKE=''
SHELL='/bin/sh'
VERSION=''
ac_ct_CC='gcc'
ac_ct_CXX='g++'
bindir='${exec_prefix}/bin'
build='x86_64-unknown-linux-gnu'
build_alias=''
build_cpu='x86_64'
build_os='linux-gnu'
build_vendor='unknown'
datadir='${datarootdir}'
datarootdir='${prefix}/share'
docdir='${datarootdir}/doc/${PACKAGE_TARNAME}'
dvidir='${docdir}'
exec_prefix='${prefix}'
host='x86_64-unknown-linux-gnu'
host_alias=''
host_cpu='x86_64'
host_os='linux-gnu'
host_vendor='unknown'
htmldir='${docdir}'
includedir='${prefix}/include'
infodir='${datarootdir}/info'
libdir='${exec_prefix}/lib'
libexecdir='${exec_prefix}/libexec'
localedir='${datarootdir}/locale'
localstatedir='${prefix}/var'
make_all='guinea'
mandir='${datarootdir}/man'
oldincludedir='/usr/include'
pdfdir='${docdir}'
prefix='/home/baonguye/guinea-pig/install'
program_transform_name='s,x,x,'
psdir='${docdir}'
runstatedir='${localstatedir}/run'
sbindir='${exec_prefix}/sbin'
sharedstatedir='${prefix}/com'
sysconfdir='${prefix}/etc'
target='x86_64-unknown-linux-gnu'
target_alias=''
target_cpu='x86_64'
target_os='linux-gnu'
target_vendor='unknown'

## ----------- ##
## confdefs.h. ##
## ----------- ##

/* confdefs.h */
#define PACKAGE_NAME "guinea-pig"
#define PACKAGE_TARNAME "guinea-pig"
#define PACKAGE_VERSION "1.2.2"
#define PACKAGE_STRING "guinea-pig 1.2.2"
#define PACKAGE_BUGREPORT "barbara.dalena@cern.ch"
#define PACKAGE_URL ""
#define PACKAGE ""
#define VERSION ""
#define HAVE_STDIO_H 1
#define HAVE_STDLIB_H 1
#define HAVE_STRING_H 1
#define HAVE_INTTYPES_H 1
#define HAVE_STDINT_H 1
#define HAVE_STRINGS_H 1
#define HAVE_SYS_STAT_H 1
#define HAVE_SYS_TYPES_H 1
#define HAVE_UNISTD_H 1
#define STDC_HEADERS 1
#define SIZEOF_VOIDP 8
#define HAVE_STDLIB_H 1
#define HAVE__BOOL 1
#define HAVE_STDBOOL_H 1
#define HAVE_MALLOC 1
#define HAVE_STPCPY 1
#define HAVE_STRSTR 1
#define HAVE_STRTOL 1

configure: exit 0
